<?xml version="1.0" encoding="UTF-8"?>
<testng-results skipped="0" failed="0" ignored="0" total="2" passed="2">
  <reporter-output>
  </reporter-output>
  <suite name="Default suite" duration-ms="46787" started-at="2020-09-28T13:30:15 IST" finished-at="2020-09-28T13:31:02 IST">
    <groups>
    </groups>
    <test name="Default test" duration-ms="46787" started-at="2020-09-28T13:30:15 IST" finished-at="2020-09-28T13:31:02 IST">
      <class name="DW.DW002">
        <test-method status="PASS" signature="beforeClass()[pri:0, instance:DW.DW002@4d50efb8]" name="beforeClass" is-config="true" duration-ms="31520" started-at="2020-09-28T13:30:15 IST" finished-at="2020-09-28T13:30:46 IST">
          <reporter-output>
          </reporter-output>
        </test-method> <!-- beforeClass -->
        <test-method status="PASS" signature="LogIn()[pri:0, instance:DW.DW002@4d50efb8]" name="LogIn" duration-ms="11381" started-at="2020-09-28T13:30:46 IST" finished-at="2020-09-28T13:30:58 IST">
          <reporter-output>
          </reporter-output>
        </test-method> <!-- LogIn -->
        <test-method status="PASS" signature="LogOut()[pri:0, instance:DW.DW002@4d50efb8]" name="LogOut" duration-ms="3195" started-at="2020-09-28T13:30:58 IST" finished-at="2020-09-28T13:31:01 IST">
          <reporter-output>
          </reporter-output>
        </test-method> <!-- LogOut -->
        <test-method status="PASS" signature="afterClass()[pri:0, instance:DW.DW002@4d50efb8]" name="afterClass" is-config="true" duration-ms="629" started-at="2020-09-28T13:31:01 IST" finished-at="2020-09-28T13:31:02 IST">
          <reporter-output>
          </reporter-output>
        </test-method> <!-- afterClass -->
      </class> <!-- DW.DW002 -->
    </test> <!-- Default test -->
  </suite> <!-- Default suite -->
</testng-results>
